<?xml version="1.0" encoding="UTF-8"?>
<!-- Generated by org.testng.reporters.JUnitReportReporter -->
<testsuite hostname="W10-VDI-WDW4478" failures="0" tests="2" name="com.rb.second.MyAnnotations" time="0.018" errors="0" timestamp="2022-08-18T11:58:14 IST" skipped="0">
  <testcase classname="com.rb.second.MyAnnotations" name="testMethod1" time="0.006"/>
  <system-out/>
  <testcase classname="com.rb.second.MyAnnotations" name="testMethod" time="0.012"/>
  <system-out/>
</testsuite> <!-- com.rb.second.MyAnnotations -->
