<?xml version="1.0" encoding="UTF-8"?>
<!-- Generated by org.testng.reporters.JUnitReportReporter -->
<testsuite hostname="W10-VDI-WDW4478" failures="0" tests="1" name="com.rb.first.SecondTestClass" time="12.895" errors="0" timestamp="2022-07-26T15:31:18 IST" skipped="0">
  <testcase classname="com.rb.first.SecondTestClass" name="testLogin" time="12.895"/>
  <system-out/>
</testsuite> <!-- com.rb.first.SecondTestClass -->
