<?xml version="1.0" encoding="UTF-8"?>
<!-- Generated by org.testng.reporters.JUnitReportReporter -->
<testsuite hostname="W10-VDI-WDW4478" failures="0" tests="2" name="com.rb.first.FirstTestClass" time="39.706" errors="0" timestamp="2022-10-28T15:53:54 IST" skipped="0">
  <testcase classname="com.rb.first.FirstTestClass" name="testGoogle" time="8.504"/>
  <system-out/>
  <testcase classname="com.rb.first.FirstTestClass" name="testFacebook" time="31.202"/>
  <system-out/>
</testsuite> <!-- com.rb.first.FirstTestClass -->
