<?xml version="1.0" encoding="UTF-8"?>
<!-- Generated by org.testng.reporters.JUnitReportReporter -->
<testsuite hostname="W10-VDI-WDW4478" failures="0" tests="2" name="com.rb.first.FirstTestClass" time="27.458" errors="0" timestamp="2022-07-26T16:57:37 IST" skipped="0">
  <testcase classname="com.rb.first.FirstTestClass" name="testGoogle" time="7.476"/>
  <system-out/>
  <testcase classname="com.rb.first.FirstTestClass" name="testFacebook" time="19.982"/>
  <system-out/>
</testsuite> <!-- com.rb.first.FirstTestClass -->
