<?xml version="1.0" encoding="UTF-8"?>
<!-- Generated by org.testng.reporters.JUnitReportReporter -->
<testsuite hostname="W10-VDI-WDW4478" failures="0" tests="2" name="com.rb.first.FirstTestClass" time="46.312" errors="0" timestamp="2022-07-26T15:31:18 IST" skipped="0">
  <testcase classname="com.rb.first.FirstTestClass" name="testFacebook" time="33.891"/>
  <system-out/>
  <testcase classname="com.rb.first.FirstTestClass" name="testGoogle" time="12.421"/>
  <system-out/>
</testsuite> <!-- com.rb.first.FirstTestClass -->
