<?xml version="1.0" encoding="UTF-8"?>
<!-- Generated by org.testng.reporters.JUnitReportReporter -->
<testsuite hostname="W10-VDI-WDW4478" failures="0" tests="2" name="com.rb.first.FirstTestClass" time="40.022" errors="0" timestamp="2022-06-29T12:48:24 IST" skipped="0">
  <testcase classname="com.rb.first.FirstTestClass" name="testFacebook" time="21.851"/>
  <system-out/>
  <testcase classname="com.rb.first.FirstTestClass" name="testGoogle" time="18.171"/>
  <system-out/>
</testsuite> <!-- com.rb.first.FirstTestClass -->
