<?xml version="1.0" encoding="UTF-8"?>
<!-- Generated by org.testng.reporters.JUnitReportReporter -->
<testsuite hostname="W10-VDI-WDW4478" failures="0" tests="1" name="com.rb.first.SecondTestClass" time="14.138" errors="0" timestamp="2022-08-18T11:54:47 IST" skipped="0">
  <testcase classname="com.rb.first.SecondTestClass" name="testLogin" time="14.138"/>
  <system-out/>
</testsuite> <!-- com.rb.first.SecondTestClass -->
