<?xml version="1.0" encoding="UTF-8"?>
<!-- Generated by org.testng.reporters.JUnitReportReporter -->
<testsuite hostname="W10-VDI-WDW4478" failures="0" tests="2" name="com.rb.second.MyAnnotations" time="0.015" errors="0" timestamp="2022-07-27T12:45:11 IST" skipped="0">
  <testcase classname="com.rb.second.MyAnnotations" name="testMethod1" time="0.015"/>
  <system-out/>
  <testcase classname="com.rb.second.MyAnnotations" name="testMethod" time="0.000"/>
  <system-out/>
</testsuite> <!-- com.rb.second.MyAnnotations -->
