<?xml version="1.0" encoding="UTF-8"?>
<!-- Generated by org.testng.reporters.JUnitReportReporter -->
<testsuite hostname="W10-VDI-WDW4478" failures="0" tests="1" name="com.rb.second.ParamAnotationLoginEx" time="12.043" errors="0" timestamp="2022-07-27T15:22:11 IST" skipped="0">
  <testcase classname="com.rb.second.ParamAnotationLoginEx" name="testLogin" time="12.043"/>
  <system-out/>
</testsuite> <!-- com.rb.second.ParamAnotationLoginEx -->
