<?xml version="1.0" encoding="UTF-8"?>
<!-- Generated by org.testng.reporters.JUnitReportReporter -->
<testsuite hostname="W10-VDI-WDW4478" failures="0" tests="1" name="com.rb.second.MyAnnotations" time="0.016" errors="0" timestamp="2022-07-27T12:25:58 IST" skipped="0">
  <testcase classname="com.rb.second.MyAnnotations" name="testMethod" time="0.016"/>
  <system-out/>
</testsuite> <!-- com.rb.second.MyAnnotations -->
